# JRE version: OpenJDK Runtime Environment (8.0_242-b01) (build 1.8.0_242-release-1644-b01)
# Java VM: OpenJDK 64-Bit Server VM (25.242-b01 mixed mode windows-amd64 compressed oops)
Heap:
 PSYoungGen      total 514560K, used 235826K [0x00000000d5580000, 0x00000000f9700000, 0x0000000100000000)
  eden space 467968K, 40% used [0x00000000d5580000,0x00000000e0e99d58,0x00000000f1e80000)
  from space 46592K, 99% used [0x00000000f6980000,0x00000000f96b2e88,0x00000000f9700000)
  to   space 54272K, 0% used [0x00000000f2d00000,0x00000000f2d00000,0x00000000f6200000)
 ParOldGen       total 171008K, used 47642K [0x0000000080000000, 0x000000008a700000, 0x00000000d5580000)
  object space 171008K, 27% used [0x0000000080000000,0x0000000082e86b88,0x000000008a700000)
 Metaspace       used 116089K, capacity 124884K, committed 125096K, reserved 1159168K
  class space    used 14715K, capacity 16265K, committed 16304K, reserved 1048576K
GC Heap History (10 events):
Event: 14799.327 GC heap before
{Heap before GC invocations=38 (full 4):
 PSYoungGen      total 517632K, used 498787K [0x00000000d5580000, 0x00000000f9500000, 0x0000000100000000)
  eden space 464896K, 100% used [0x00000000d5580000,0x00000000f1b80000,0x00000000f1b80000)
  from space 52736K, 64% used [0x00000000f1b80000,0x00000000f3c98fb0,0x00000000f4f00000)
  to   space 53760K, 0% used [0x00000000f6080000,0x00000000f6080000,0x00000000f9500000)
 ParOldGen       total 171008K, used 45911K [0x0000000080000000, 0x000000008a700000, 0x00000000d5580000)
  object space 171008K, 26% used [0x0000000080000000,0x0000000082cd5c40,0x000000008a700000)
 Metaspace       used 115546K, capacity 124170K, committed 124328K, reserved 1157120K
  class space    used 14705K, capacity 16256K, committed 16304K, reserved 1048576K
Event: 14799.373 GC heap after
Heap after GC invocations=38 (full 4):
 PSYoungGen      total 525312K, used 28171K [0x00000000d5580000, 0x00000000f8e80000, 0x0000000100000000)
  eden space 478208K, 0% used [0x00000000d5580000,0x00000000d5580000,0x00000000f2880000)
  from space 47104K, 59% used [0x00000000f6080000,0x00000000f7c02c60,0x00000000f8e80000)
  to   space 52224K, 0% used [0x00000000f2880000,0x00000000f2880000,0x00000000f5b80000)
 ParOldGen       total 171008K, used 46422K [0x0000000080000000, 0x000000008a700000, 0x00000000d5580000)
  object space 171008K, 27% used [0x0000000080000000,0x0000000082d55b00,0x000000008a700000)
 Metaspace       used 115546K, capacity 124170K, committed 124328K, reserved 1157120K
  class space    used 14705K, capacity 16256K, committed 16304K, reserved 1048576K
}
Event: 14830.925 GC heap before
{Heap before GC invocations=39 (full 4):
 PSYoungGen      total 525312K, used 506379K [0x00000000d5580000, 0x00000000f8e80000, 0x0000000100000000)
  eden space 478208K, 100% used [0x00000000d5580000,0x00000000f2880000,0x00000000f2880000)
  from space 47104K, 59% used [0x00000000f6080000,0x00000000f7c02c60,0x00000000f8e80000)
  to   space 52224K, 0% used [0x00000000f2880000,0x00000000f2880000,0x00000000f5b80000)
 ParOldGen       total 171008K, used 46422K [0x0000000080000000, 0x000000008a700000, 0x00000000d5580000)
  object space 171008K, 27% used [0x0000000080000000,0x0000000082d55b00,0x000000008a700000)
 Metaspace       used 115696K, capacity 124426K, committed 124584K, reserved 1157120K
  class space    used 14706K, capacity 16256K, committed 16304K, reserved 1048576K
Event: 14830.972 GC heap after
Heap after GC invocations=39 (full 4):
 PSYoungGen      total 530432K, used 28823K [0x00000000d5580000, 0x00000000f9780000, 0x0000000100000000)
  eden space 478208K, 0% used [0x00000000d5580000,0x00000000d5580000,0x00000000f2880000)
  from space 52224K, 55% used [0x00000000f2880000,0x00000000f44a5eb0,0x00000000f5b80000)
  to   space 50688K, 0% used [0x00000000f6600000,0x00000000f6600000,0x00000000f9780000)
 ParOldGen       total 171008K, used 47050K [0x0000000080000000, 0x000000008a700000, 0x00000000d5580000)
  object space 171008K, 27% used [0x0000000080000000,0x0000000082df2b30,0x000000008a700000)
 Metaspace       used 115696K, capacity 124426K, committed 124584K, reserved 1157120K
  class space    used 14706K, capacity 16256K, committed 16304K, reserved 1048576K
}
Event: 18313.585 GC heap before
{Heap before GC invocations=40 (full 4):
 PSYoungGen      total 530432K, used 507031K [0x00000000d5580000, 0x00000000f9780000, 0x0000000100000000)
  eden space 478208K, 100% used [0x00000000d5580000,0x00000000f2880000,0x00000000f2880000)
  from space 52224K, 55% used [0x00000000f2880000,0x00000000f44a5eb0,0x00000000f5b80000)
  to   space 50688K, 0% used [0x00000000f6600000,0x00000000f6600000,0x00000000f9780000)
 ParOldGen       total 171008K, used 47050K [0x0000000080000000, 0x000000008a700000, 0x00000000d5580000)
  object space 171008K, 27% used [0x0000000080000000,0x0000000082df2b30,0x000000008a700000)
 Metaspace       used 115824K, capacity 124566K, committed 124840K, reserved 1157120K
  class space    used 14709K, capacity 16256K, committed 16304K, reserved 1048576K
Event: 18313.655 GC heap after
Heap after GC invocations=40 (full 4):
 PSYoungGen      total 536064K, used 31773K [0x00000000d5580000, 0x00000000f9500000, 0x0000000100000000)
  eden space 487936K, 0% used [0x00000000d5580000,0x00000000d5580000,0x00000000f3200000)
  from space 48128K, 66% used [0x00000000f6600000,0x00000000f85076c8,0x00000000f9500000)
  to   space 50688K, 0% used [0x00000000f3200000,0x00000000f3200000,0x00000000f6380000)
 ParOldGen       total 171008K, used 47282K [0x0000000080000000, 0x000000008a700000, 0x00000000d5580000)
  object space 171008K, 27% used [0x0000000080000000,0x0000000082e2cb40,0x000000008a700000)
 Metaspace       used 115824K, capacity 124566K, committed 124840K, reserved 1157120K
  class space    used 14709K, capacity 16256K, committed 16304K, reserved 1048576K
}
Event: 20401.445 GC heap before
{Heap before GC invocations=41 (full 4):
 PSYoungGen      total 536064K, used 519709K [0x00000000d5580000, 0x00000000f9500000, 0x0000000100000000)
  eden space 487936K, 100% used [0x00000000d5580000,0x00000000f3200000,0x00000000f3200000)
  from space 48128K, 66% used [0x00000000f6600000,0x00000000f85076c8,0x00000000f9500000)
  to   space 50688K, 0% used [0x00000000f3200000,0x00000000f3200000,0x00000000f6380000)
 ParOldGen       total 171008K, used 47282K [0x0000000080000000, 0x000000008a700000, 0x00000000d5580000)
  object space 171008K, 27% used [0x0000000080000000,0x0000000082e2cb40,0x000000008a700000)
 Metaspace       used 115950K, capacity 124678K, committed 124840K, reserved 1157120K
  class space    used 14714K, capacity 16264K, committed 16304K, reserved 1048576K
Event: 20401.498 GC heap after
Heap after GC invocations=41 (full 4):
 PSYoungGen      total 538624K, used 20848K [0x00000000d5580000, 0x00000000f9980000, 0x0000000100000000)
  eden space 487936K, 0% used [0x00000000d5580000,0x00000000d5580000,0x00000000f3200000)
  from space 50688K, 41% used [0x00000000f3200000,0x00000000f465c0d0,0x00000000f6380000)
  to   space 49152K, 0% used [0x00000000f6980000,0x00000000f6980000,0x00000000f9980000)
 ParOldGen       total 171008K, used 47482K [0x0000000080000000, 0x000000008a700000, 0x00000000d5580000)
  object space 171008K, 27% used [0x0000000080000000,0x0000000082e5eb60,0x000000008a700000)
 Metaspace       used 115950K, capacity 124678K, committed 124840K, reserved 1157120K
  class space    used 14714K, capacity 16264K, committed 16304K, reserved 1048576K
}
Event: 21222.695 GC heap before
{Heap before GC invocations=42 (full 4):
 PSYoungGen      total 538624K, used 508784K [0x00000000d5580000, 0x00000000f9980000, 0x0000000100000000)
  eden space 487936K, 100% used [0x00000000d5580000,0x00000000f3200000,0x00000000f3200000)
  from space 50688K, 41% used [0x00000000f3200000,0x00000000f465c0d0,0x00000000f6380000)
  to   space 49152K, 0% used [0x00000000f6980000,0x00000000f6980000,0x00000000f9980000)
 ParOldGen       total 171008K, used 47482K [0x0000000080000000, 0x000000008a700000, 0x00000000d5580000)
  object space 171008K, 27% used [0x0000000080000000,0x0000000082e5eb60,0x000000008a700000)
 Metaspace       used 116082K, capacity 124884K, committed 125096K, reserved 1159168K
  class space    used 14715K, capacity 16265K, committed 16304K, reserved 1048576K
Event: 21222.776 GC heap after
Heap after GC invocations=42 (full 4):
 PSYoungGen      total 514560K, used 46283K [0x00000000d5580000, 0x00000000f9700000, 0x0000000100000000)
  eden space 467968K, 0% used [0x00000000d5580000,0x00000000d5580000,0x00000000f1e80000)
  from space 46592K, 99% used [0x00000000f6980000,0x00000000f96b2e88,0x00000000f9700000)
  to   space 54272K, 0% used [0x00000000f2d00000,0x00000000f2d00000,0x00000000f6200000)
 ParOldGen       total 171008K, used 47642K [0x0000000080000000, 0x000000008a700000, 0x00000000d5580000)
  object space 171008K, 27% used [0x0000000080000000,0x0000000082e86b88,0x000000008a700000)
 Metaspace       used 116082K, capacity 124884K, committed 125096K, reserved 1159168K
  class space    used 14715K, capacity 16265K, committed 16304K, reserved 1048576K
}

